2020-09-16 14:11:59,024 - elsapy.elsclient - INFO - Module loaded.
2020-09-16 14:11:59,026 - elsapy.elsentity - INFO - Module loaded.
2020-09-16 14:11:59,026 - elsapy.elsdoc - INFO - Module loaded.
2020-09-16 14:12:03,117 - elsapy.utils - INFO - Module loaded.
2020-09-16 14:12:03,117 - elsapy.elssearch - INFO - Module loaded.
2020-09-16 14:12:30,046 - elsapy.elsclient - INFO - Module loaded.
2020-09-16 14:12:30,049 - elsapy.elsentity - INFO - Module loaded.
2020-09-16 14:12:30,050 - elsapy.elsdoc - INFO - Module loaded.
2020-09-16 14:12:30,807 - elsapy.utils - INFO - Module loaded.
2020-09-16 14:12:30,808 - elsapy.elssearch - INFO - Module loaded.
2020-09-16 14:12:56,973 - elsapy.elsclient - INFO - Module loaded.
2020-09-16 14:12:56,974 - elsapy.elsentity - INFO - Module loaded.
2020-09-16 14:12:56,974 - elsapy.elsdoc - INFO - Module loaded.
2020-09-16 14:12:57,289 - elsapy.utils - INFO - Module loaded.
2020-09-16 14:12:57,289 - elsapy.elssearch - INFO - Module loaded.
2020-09-16 14:13:22,455 - elsapy.elsclient - INFO - Module loaded.
2020-09-16 14:13:22,457 - elsapy.elsentity - INFO - Module loaded.
2020-09-16 14:13:22,457 - elsapy.elsdoc - INFO - Module loaded.
2020-09-16 14:13:24,037 - elsapy.utils - INFO - Module loaded.
2020-09-16 14:13:24,043 - elsapy.elssearch - INFO - Module loaded.
2020-09-16 14:17:34,799 - elsapy.elsclient - INFO - Module loaded.
2020-09-16 14:17:34,803 - elsapy.elsentity - INFO - Module loaded.
2020-09-16 14:17:34,803 - elsapy.elsdoc - INFO - Module loaded.
2020-09-16 14:17:35,727 - elsapy.utils - INFO - Module loaded.
2020-09-16 14:17:35,728 - elsapy.elssearch - INFO - Module loaded.
2020-09-16 14:20:00,170 - elsapy.elsclient - INFO - Module loaded.
2020-09-16 14:20:00,955 - elsapy.elsentity - INFO - Module loaded.
2020-09-16 14:20:00,956 - elsapy.utils - INFO - Module loaded.
2020-09-16 14:20:00,957 - elsapy.elsprofile - INFO - Module loaded.
2020-09-16 14:20:00,958 - elsapy.elsdoc - INFO - Module loaded.
2020-09-16 14:20:00,960 - elsapy.elssearch - INFO - Module loaded.
2020-09-16 14:20:01,175 - elsapy.elsclient - INFO - Sending GET request to https://api.elsevier.com/content/search/sciencedirect?query=public+policyimpact+evaluationenvironmentclimate
